<?xml version="1.0" encoding="UTF-8"?>
<!-- Generated by org.testng.reporters.JUnitXMLReporter -->
<testsuite hostname="TWLAHP-0050" ignored="0" name="Surefire test" tests="0" failures="0" timestamp="21 Oct 2021 14:00:00 GMT" time="0.288" errors="0">
  <testcase name="@BeforeClass setUpClass" time="0.253" classname="io.cucumber.testng.AbstractTestNGCucumberTests">
    <failure type="io.cucumber.core.exception.CucumberException" message="java.lang.NoClassDefFoundError: io/cucumber/core/internal/gherkin/ast/Node">
      <![CDATA[io.cucumber.core.exception.CucumberException: java.lang.NoClassDefFoundError: io/cucumber/core/internal/gherkin/ast/Node
at io.cucumber.core.plugin.PluginFactory.newInstance(PluginFactory.java:120)
at io.cucumber.core.plugin.PluginFactory.instantiate(PluginFactory.java:99)
at io.cucumber.core.plugin.PluginFactory.create(PluginFactory.java:63)
at io.cucumber.core.plugin.Plugins.createPlugins(Plugins.java:32)
at io.cucumber.core.plugin.Plugins.<init>(Plugins.java:25)
at io.cucumber.testng.TestNGCucumberRunner.<init>(TestNGCucumberRunner.java:92)
at io.cucumber.testng.AbstractTestNGCucumberTests.setUpClass(AbstractTestNGCucumberTests.java:23)
at java.util.concurrent.ThreadPoolExecutor.runWorker(ThreadPoolExecutor.java:1149)
at java.util.concurrent.ThreadPoolExecutor$Worker.run(ThreadPoolExecutor.java:624)
at java.lang.Thread.run(Thread.java:748)
Caused by: java.lang.NoClassDefFoundError: io/cucumber/core/internal/gherkin/ast/Node
at com.aventstack.extentreports.cucumber.adapter.ExtentCucumberAdapter.<init>(ExtentCucumberAdapter.java:95)
at io.cucumber.core.plugin.PluginFactory.newInstance(PluginFactory.java:116)
... 20 more
Caused by: java.lang.ClassNotFoundException: io.cucumber.core.internal.gherkin.ast.Node
at java.net.URLClassLoader.findClass(URLClassLoader.java:382)
at java.lang.ClassLoader.loadClass(ClassLoader.java:424)
at sun.misc.Launcher$AppClassLoader.loadClass(Launcher.java:349)
at java.lang.ClassLoader.loadClass(ClassLoader.java:357)
... 26 more
... Removed 15 stack frames]]>
    </failure>
  </testcase> <!-- @BeforeClass setUpClass -->
</testsuite> <!-- Surefire test -->
