-------------------------------------------------------------------------------
Test set: stepdefinition.ParallelRun
-------------------------------------------------------------------------------
Tests run: 1, Failures: 1, Errors: 0, Skipped: 0, Time elapsed: 1.269 s <<< FAILURE! - in stepdefinition.ParallelRun
setUpClass(stepdefinition.ParallelRun)  Time elapsed: 0.935 s  <<< FAILURE!
io.cucumber.core.exception.CucumberException: java.lang.NoClassDefFoundError: io/cucumber/core/internal/gherkin/ast/Node
Caused by: java.lang.NoClassDefFoundError: io/cucumber/core/internal/gherkin/ast/Node
Caused by: java.lang.ClassNotFoundException: io.cucumber.core.internal.gherkin.ast.Node

